<?xml version="1.0" encoding="UTF-8"?>
<!-- Generated by org.testng.reporters.JUnitXMLReporter -->
<testsuite ignored="0" hostname="LAPTOP-M9TA9DIJ" failures="1" tests="3" name="Error Validations Test" time="32.571" errors="0" timestamp="2024-04-23T06:40:17 GMT-05:00">
  <testcase classname="frameworkdesign.Tests.ErrorValidationsTest" name="loginErrorValidation" time="0.931">
    <skipped/>
  </testcase> <!-- loginErrorValidation -->
  <testcase classname="frameworkdesign.Tests.ErrorValidationsTest" name="loginErrorValidation" time="1.316">
    <failure type="java.lang.AssertionError" message="expected [Incorrect email or password.] but found [Incrrect email or password.]">
      <![CDATA[java.lang.AssertionError: expected [Incorrect email or password.] but found [Incrrect email or password.]
at frameworkdesign.Tests.ErrorValidationsTest.loginErrorValidation(ErrorValidationsTest.java:28)
at java.base/java.util.ArrayList.forEach(ArrayList.java:1596)
at java.base/java.util.concurrent.FutureTask.run(FutureTask.java:317)
at java.base/java.util.concurrent.ThreadPoolExecutor.runWorker(ThreadPoolExecutor.java:1144)
at java.base/java.util.concurrent.ThreadPoolExecutor$Worker.run(ThreadPoolExecutor.java:642)
at java.base/java.lang.Thread.run(Thread.java:1583)
... Removed 21 stack frames]]>
    </failure>
  </testcase> <!-- loginErrorValidation -->
  <testcase classname="frameworkdesign.Tests.ErrorValidationsTest" name="submitOrder" time="3.331"/>
</testsuite> <!-- Error Validations Test -->
